<?xml version="1.0" encoding="UTF-8"?>
<!-- Generated by org.testng.reporters.JUnitXMLReporter -->
<testsuite hostname="liuxingchen" name="FirefoxTest" tests="1" failures="0" timestamp="13 Mar 2017 02:51:08 GMT" time="52.747" errors="0">
  <testcase name="@BeforeClass beforeClass" time="0.0" classname="com.webdriver.chapter09.MultipleBrowsersWithTestNG">
    <failure type="org.openqa.selenium.WebDriverException" message="Failed to connect to binary FirefoxBinary(C:\Program Files (x86)\Mozilla Firefox\firefox.exe) on port 7055; process output follows: 
ofile/extensions/cpmanager@mozillaonline.com/components/mozCNGuard.js, line 126: ReferenceError: CETracking is not defined
1489373429486	DeferredSave.extensions.json	DEBUG	Write succeeded
1489373429486	addons.xpi-utils	DEBUG	XPI Database saved, setting schema version preference to 17
1489373429487	DeferredSave.extensions.json	DEBUG	Starting timer
1489373429545	DeferredSave.extensions.json	DEBUG	Starting write
JavaScript error: file:///C:/Users/LIUXIN~1/AppData/Local/Temp/anonymous5777400406207038523webdriver-profile/extensions/cpmanager@mozillaonline.com/components/mozCNGuard.js, line 124: ReferenceError: CETracking is not defined
JavaScript error: http://offlintab.firefoxchina.cn/static/preload.html, line 131: ReferenceError: mozIndexedDB is not defined
1489373429689	addons.repository	DEBUG	No addons.json found.
1489373429690	DeferredSave.addons.json	DEBUG	Save changes
1489373429695	DeferredSave.addons.json	DEBUG	Starting timer
1489373429883	addons.manager	DEBUG	Starting provider: PreviousExperimentProvider
1489373429883	addons.manager	DEBUG	Registering shutdown blocker for PreviousExperimentProvider
1489373429883	addons.manager	DEBUG	Provider finished startup: PreviousExperimentProvider
1489373429887	DeferredSave.addons.json	DEBUG	Starting write
1489373429916	DeferredSave.extensions.json	DEBUG	Write succeeded
JavaScript error: file:///C:/Users/LIUXIN~1/AppData/Local/Temp/anonymous5777400406207038523webdriver-profile/extensions/cpmanager@mozillaonline.com/components/mozCNGuard.js, line 126: ReferenceError: CETracking is not defined
JavaScript error: file:///C:/Users/LIUXIN~1/AppData/Local/Temp/anonymous5777400406207038523webdriver-profile/extensions/cpmanager@mozillaonline.com/components/mozCNGuard.js, line 126: ReferenceError: CETracking is not defined
1489373429972	DeferredSave.addons.json	DEBUG	Write succeeded
JavaScript error: file:///C:/Users/LIUXIN~1/AppData/Local/Temp/anonymous5777400406207038523webdriver-profile/extensions/cpmanager@mozillaonline.com/components/mozCNGuard.js, line 415: ReferenceError: CETracking is not defined
JavaScript error: resource://ntab/Tracking.jsm, line 30: NS_ERROR_XPC_GS_RETURNED_FAILURE: Component returned failure code: 0x80570016 (NS_ERROR_XPC_GS_RETURNED_FAILURE) [nsIJSCID.getService]
JavaScript error: file:///C:/Users/LIUXIN~1/AppData/Local/Temp/anonymous5777400406207038523webdriver-profile/extensions/cpmanager@mozillaonline.com/components/mozCNGuard.js, line 124: ReferenceError: CETracking is not defined
JavaScript error: chrome://cmtracking/content/dataChoices/overlay-browser.js, line 26: ReferenceError: Application is not defined
JavaScript error: resource://cmsafeflag/CNSafeBrowsingRegister.jsm, line 156: NS_ERROR_XPC_NOT_ENOUGH_ARGS: Not enough arguments [nsIUrlListManager.registerTable]
JavaScript error: chrome://cmpfs/content/overlay-pfs.js, line 205: ReferenceError: eventHandler is not defined
1489373459120	addons.xpi	DEBUG	Calling bootstrap method shutdown on aushelper@mozilla.org version 1.0
1489373459120	addons.xpi	DEBUG	Calling bootstrap method shutdown on e10srollout@mozilla.org version 1.5
1489373459121	addons.xpi	DEBUG	Calling bootstrap method shutdown on firefox@getpocket.com version 1.0.5
1489373459122	addons.xpi	DEBUG	Calling bootstrap method shutdown on webcompat@mozilla.org version 1.0
1489373459530	addons.manager	DEBUG	shutdown
1489373459531	addons.manager	DEBUG	Calling shutdown blocker for XPIProvider
1489373459531	addons.xpi	DEBUG	shutdown
1489373459532	addons.xpi-utils	DEBUG	shutdown
1489373459532	addons.manager	DEBUG	Calling shutdown blocker for LightweightThemeManager
1489373459533	addons.manager	DEBUG	Calling shutdown blocker for GMPProvider
1489373459537	addons.manager	DEBUG	Calling shutdown blocker for PluginProvider
1489373459538	addons.manager	DEBUG	Calling shutdown blocker for &amp;lt;unnamed-provider&amp;gt;
1489373459542	addons.manager	DEBUG	Calling shutdown blocker for PreviousExperimentProvider
1489373459547	addons.xpi	DEBUG	Notifying XPI shutdown observers
1489373459555	addons.manager	DEBUG	Async provider shutdown done

Build info: version: &amp;apos;2.48.2&amp;apos;, revision: &amp;apos;41bccdd&amp;apos;, time: &amp;apos;2015-10-09 19:55:52&amp;apos;
System info: host: &amp;apos;liuxingchen&amp;apos;, ip: &amp;apos;10.139.162.84&amp;apos;, os.name: &amp;apos;Windows 7&amp;apos;, os.arch: &amp;apos;amd64&amp;apos;, os.version: &amp;apos;6.1&amp;apos;, java.version: &amp;apos;1.8.0_65&amp;apos;
Driver info: driver.version: FirefoxDriver">
      <![CDATA[org.openqa.selenium.WebDriverException: Failed to connect to binary FirefoxBinary(C:\Program Files (x86)\Mozilla Firefox\firefox.exe) on port 7055; process output follows: 
ofile/extensions/cpmanager@mozillaonline.com/components/mozCNGuard.js, line 126: ReferenceError: CETracking is not defined
1489373429486	DeferredSave.extensions.json	DEBUG	Write succeeded
1489373429486	addons.xpi-utils	DEBUG	XPI Database saved, setting schema version preference to 17
1489373429487	DeferredSave.extensions.json	DEBUG	Starting timer
1489373429545	DeferredSave.extensions.json	DEBUG	Starting write
JavaScript error: file:///C:/Users/LIUXIN~1/AppData/Local/Temp/anonymous5777400406207038523webdriver-profile/extensions/cpmanager@mozillaonline.com/components/mozCNGuard.js, line 124: ReferenceError: CETracking is not defined
JavaScript error: http://offlintab.firefoxchina.cn/static/preload.html, line 131: ReferenceError: mozIndexedDB is not defined
1489373429689	addons.repository	DEBUG	No addons.json found.
1489373429690	DeferredSave.addons.json	DEBUG	Save changes
1489373429695	DeferredSave.addons.json	DEBUG	Starting timer
1489373429883	addons.manager	DEBUG	Starting provider: PreviousExperimentProvider
1489373429883	addons.manager	DEBUG	Registering shutdown blocker for PreviousExperimentProvider
1489373429883	addons.manager	DEBUG	Provider finished startup: PreviousExperimentProvider
1489373429887	DeferredSave.addons.json	DEBUG	Starting write
1489373429916	DeferredSave.extensions.json	DEBUG	Write succeeded
JavaScript error: file:///C:/Users/LIUXIN~1/AppData/Local/Temp/anonymous5777400406207038523webdriver-profile/extensions/cpmanager@mozillaonline.com/components/mozCNGuard.js, line 126: ReferenceError: CETracking is not defined
JavaScript error: file:///C:/Users/LIUXIN~1/AppData/Local/Temp/anonymous5777400406207038523webdriver-profile/extensions/cpmanager@mozillaonline.com/components/mozCNGuard.js, line 126: ReferenceError: CETracking is not defined
1489373429972	DeferredSave.addons.json	DEBUG	Write succeeded
JavaScript error: file:///C:/Users/LIUXIN~1/AppData/Local/Temp/anonymous5777400406207038523webdriver-profile/extensions/cpmanager@mozillaonline.com/components/mozCNGuard.js, line 415: ReferenceError: CETracking is not defined
JavaScript error: resource://ntab/Tracking.jsm, line 30: NS_ERROR_XPC_GS_RETURNED_FAILURE: Component returned failure code: 0x80570016 (NS_ERROR_XPC_GS_RETURNED_FAILURE) [nsIJSCID.getService]
JavaScript error: file:///C:/Users/LIUXIN~1/AppData/Local/Temp/anonymous5777400406207038523webdriver-profile/extensions/cpmanager@mozillaonline.com/components/mozCNGuard.js, line 124: ReferenceError: CETracking is not defined
JavaScript error: chrome://cmtracking/content/dataChoices/overlay-browser.js, line 26: ReferenceError: Application is not defined
JavaScript error: resource://cmsafeflag/CNSafeBrowsingRegister.jsm, line 156: NS_ERROR_XPC_NOT_ENOUGH_ARGS: Not enough arguments [nsIUrlListManager.registerTable]
JavaScript error: chrome://cmpfs/content/overlay-pfs.js, line 205: ReferenceError: eventHandler is not defined
1489373459120	addons.xpi	DEBUG	Calling bootstrap method shutdown on aushelper@mozilla.org version 1.0
1489373459120	addons.xpi	DEBUG	Calling bootstrap method shutdown on e10srollout@mozilla.org version 1.5
1489373459121	addons.xpi	DEBUG	Calling bootstrap method shutdown on firefox@getpocket.com version 1.0.5
1489373459122	addons.xpi	DEBUG	Calling bootstrap method shutdown on webcompat@mozilla.org version 1.0
1489373459530	addons.manager	DEBUG	shutdown
1489373459531	addons.manager	DEBUG	Calling shutdown blocker for XPIProvider
1489373459531	addons.xpi	DEBUG	shutdown
1489373459532	addons.xpi-utils	DEBUG	shutdown
1489373459532	addons.manager	DEBUG	Calling shutdown blocker for LightweightThemeManager
1489373459533	addons.manager	DEBUG	Calling shutdown blocker for GMPProvider
1489373459537	addons.manager	DEBUG	Calling shutdown blocker for PluginProvider
1489373459538	addons.manager	DEBUG	Calling shutdown blocker for <unnamed-provider>
1489373459542	addons.manager	DEBUG	Calling shutdown blocker for PreviousExperimentProvider
1489373459547	addons.xpi	DEBUG	Notifying XPI shutdown observers
1489373459555	addons.manager	DEBUG	Async provider shutdown done

Build info: version: '2.48.2', revision: '41bccdd', time: '2015-10-09 19:55:52'
System info: host: 'liuxingchen', ip: '10.139.162.84', os.name: 'Windows 7', os.arch: 'amd64', os.version: '6.1', java.version: '1.8.0_65'
Driver info: driver.version: FirefoxDriver
	at org.openqa.selenium.firefox.internal.NewProfileExtensionConnection.start(NewProfileExtensionConnection.java:134)
	at org.openqa.selenium.firefox.FirefoxDriver.startClient(FirefoxDriver.java:271)
	at org.openqa.selenium.remote.RemoteWebDriver.<init>(RemoteWebDriver.java:117)
	at org.openqa.selenium.firefox.FirefoxDriver.<init>(FirefoxDriver.java:218)
	at org.openqa.selenium.firefox.FirefoxDriver.<init>(FirefoxDriver.java:211)
	at org.openqa.selenium.firefox.FirefoxDriver.<init>(FirefoxDriver.java:207)
	at org.openqa.selenium.firefox.FirefoxDriver.<init>(FirefoxDriver.java:120)
	at com.webdriver.chapter09.MultipleBrowsersWithTestNG.beforeClass(MultipleBrowsersWithTestNG.java:24)
	at java.util.concurrent.FutureTask.run(FutureTask.java:266)
	at java.util.concurrent.ThreadPoolExecutor.runWorker(ThreadPoolExecutor.java:1142)
	at java.util.concurrent.ThreadPoolExecutor$Worker.run(ThreadPoolExecutor.java:617)
	at java.lang.Thread.run(Thread.java:745)
Caused by: org.openqa.selenium.firefox.NotConnectedException: Unable to connect to host 127.0.0.1 on port 7055 after 45000 ms. Firefox console output:
ofile/extensions/cpmanager@mozillaonline.com/components/mozCNGuard.js, line 126: ReferenceError: CETracking is not defined
1489373429486	DeferredSave.extensions.json	DEBUG	Write succeeded
1489373429486	addons.xpi-utils	DEBUG	XPI Database saved, setting schema version preference to 17
1489373429487	DeferredSave.extensions.json	DEBUG	Starting timer
1489373429545	DeferredSave.extensions.json	DEBUG	Starting write
JavaScript error: file:///C:/Users/LIUXIN~1/AppData/Local/Temp/anonymous5777400406207038523webdriver-profile/extensions/cpmanager@mozillaonline.com/components/mozCNGuard.js, line 124: ReferenceError: CETracking is not defined
JavaScript error: http://offlintab.firefoxchina.cn/static/preload.html, line 131: ReferenceError: mozIndexedDB is not defined
1489373429689	addons.repository	DEBUG	No addons.json found.
1489373429690	DeferredSave.addons.json	DEBUG	Save changes
1489373429695	DeferredSave.addons.json	DEBUG	Starting timer
1489373429883	addons.manager	DEBUG	Starting provider: PreviousExperimentProvider
1489373429883	addons.manager	DEBUG	Registering shutdown blocker for PreviousExperimentProvider
1489373429883	addons.manager	DEBUG	Provider finished startup: PreviousExperimentProvider
1489373429887	DeferredSave.addons.json	DEBUG	Starting write
1489373429916	DeferredSave.extensions.json	DEBUG	Write succeeded
JavaScript error: file:///C:/Users/LIUXIN~1/AppData/Local/Temp/anonymous5777400406207038523webdriver-profile/extensions/cpmanager@mozillaonline.com/components/mozCNGuard.js, line 126: ReferenceError: CETracking is not defined
JavaScript error: file:///C:/Users/LIUXIN~1/AppData/Local/Temp/anonymous5777400406207038523webdriver-profile/extensions/cpmanager@mozillaonline.com/components/mozCNGuard.js, line 126: ReferenceError: CETracking is not defined
1489373429972	DeferredSave.addons.json	DEBUG	Write succeeded
JavaScript error: file:///C:/Users/LIUXIN~1/AppData/Local/Temp/anonymous5777400406207038523webdriver-profile/extensions/cpmanager@mozillaonline.com/components/mozCNGuard.js, line 415: ReferenceError: CETracking is not defined
JavaScript error: resource://ntab/Tracking.jsm, line 30: NS_ERROR_XPC_GS_RETURNED_FAILURE: Component returned failure code: 0x80570016 (NS_ERROR_XPC_GS_RETURNED_FAILURE) [nsIJSCID.getService]
JavaScript error: file:///C:/Users/LIUXIN~1/AppData/Local/Temp/anonymous5777400406207038523webdriver-profile/extensions/cpmanager@mozillaonline.com/components/mozCNGuard.js, line 124: ReferenceError: CETracking is not defined
JavaScript error: chrome://cmtracking/content/dataChoices/overlay-browser.js, line 26: ReferenceError: Application is not defined
JavaScript error: resource://cmsafeflag/CNSafeBrowsingRegister.jsm, line 156: NS_ERROR_XPC_NOT_ENOUGH_ARGS: Not enough arguments [nsIUrlListManager.registerTable]
JavaScript error: chrome://cmpfs/content/overlay-pfs.js, line 205: ReferenceError: eventHandler is not defined
1489373459120	addons.xpi	DEBUG	Calling bootstrap method shutdown on aushelper@mozilla.org version 1.0
1489373459120	addons.xpi	DEBUG	Calling bootstrap method shutdown on e10srollout@mozilla.org version 1.5
1489373459121	addons.xpi	DEBUG	Calling bootstrap method shutdown on firefox@getpocket.com version 1.0.5
1489373459122	addons.xpi	DEBUG	Calling bootstrap method shutdown on webcompat@mozilla.org version 1.0
1489373459530	addons.manager	DEBUG	shutdown
1489373459531	addons.manager	DEBUG	Calling shutdown blocker for XPIProvider
1489373459531	addons.xpi	DEBUG	shutdown
1489373459532	addons.xpi-utils	DEBUG	shutdown
1489373459532	addons.manager	DEBUG	Calling shutdown blocker for LightweightThemeManager
1489373459533	addons.manager	DEBUG	Calling shutdown blocker for GMPProvider
1489373459537	addons.manager	DEBUG	Calling shutdown blocker for PluginProvider
1489373459538	addons.manager	DEBUG	Calling shutdown blocker for <unnamed-provider>
1489373459542	addons.manager	DEBUG	Calling shutdown blocker for PreviousExperimentProvider
1489373459547	addons.xpi	DEBUG	Notifying XPI shutdown observers
1489373459555	addons.manager	DEBUG	Async provider shutdown done

	at org.openqa.selenium.firefox.internal.NewProfileExtensionConnection.start(NewProfileExtensionConnection.java:122)
	... 27 more
... Removed 16 stack frames]]>
    </failure>
  </testcase> <!-- @BeforeClass beforeClass -->
  <testcase name="@AfterClass afterClass" time="0.0" classname="com.webdriver.chapter09.MultipleBrowsersWithTestNG">
    <skipped/>
  </testcase> <!-- @AfterClass afterClass -->
  <testcase name="testSogouSearch" time="0.0" classname="com.webdriver.chapter09.MultipleBrowsersWithTestNG">
    <skipped/>
  </testcase> <!-- testSogouSearch -->
</testsuite> <!-- FirefoxTest -->
